mode: set
github.com/manucher051299/wallet/pkg/wallet/service.go:35.28,37.21 1 0
github.com/manucher051299/wallet/pkg/wallet/service.go:46.2,51.49 6 0
github.com/manucher051299/wallet/pkg/wallet/service.go:66.2,67.22 2 0
github.com/manucher051299/wallet/pkg/wallet/service.go:37.21,39.38 2 0
github.com/manucher051299/wallet/pkg/wallet/service.go:44.3,44.23 1 0
github.com/manucher051299/wallet/pkg/wallet/service.go:39.38,40.32 1 0
github.com/manucher051299/wallet/pkg/wallet/service.go:40.32,42.5 1 0
github.com/manucher051299/wallet/pkg/wallet/service.go:51.49,52.35 1 0
github.com/manucher051299/wallet/pkg/wallet/service.go:55.3,55.27 1 0
github.com/manucher051299/wallet/pkg/wallet/service.go:52.35,54.4 1 0
github.com/manucher051299/wallet/pkg/wallet/service.go:55.27,57.23 2 0
github.com/manucher051299/wallet/pkg/wallet/service.go:62.4,63.13 2 0
github.com/manucher051299/wallet/pkg/wallet/service.go:57.23,58.39 1 0
github.com/manucher051299/wallet/pkg/wallet/service.go:58.39,60.6 1 0
github.com/manucher051299/wallet/pkg/wallet/service.go:69.92,71.16 2 1
github.com/manucher051299/wallet/pkg/wallet/service.go:74.2,74.21 1 1
github.com/manucher051299/wallet/pkg/wallet/service.go:77.2,82.49 6 1
github.com/manucher051299/wallet/pkg/wallet/service.go:97.2,98.22 2 1
github.com/manucher051299/wallet/pkg/wallet/service.go:71.16,73.3 1 0
github.com/manucher051299/wallet/pkg/wallet/service.go:74.21,76.3 1 1
github.com/manucher051299/wallet/pkg/wallet/service.go:82.49,83.35 1 1
github.com/manucher051299/wallet/pkg/wallet/service.go:86.3,86.27 1 1
github.com/manucher051299/wallet/pkg/wallet/service.go:83.35,85.4 1 1
github.com/manucher051299/wallet/pkg/wallet/service.go:86.27,88.23 2 1
github.com/manucher051299/wallet/pkg/wallet/service.go:93.4,94.13 2 1
github.com/manucher051299/wallet/pkg/wallet/service.go:88.23,89.45 1 1
github.com/manucher051299/wallet/pkg/wallet/service.go:89.45,91.6 1 1
github.com/manucher051299/wallet/pkg/wallet/service.go:100.59,101.21 1 1
github.com/manucher051299/wallet/pkg/wallet/service.go:108.2,113.49 6 1
github.com/manucher051299/wallet/pkg/wallet/service.go:126.2,127.25 2 1
github.com/manucher051299/wallet/pkg/wallet/service.go:101.21,103.38 2 1
github.com/manucher051299/wallet/pkg/wallet/service.go:106.3,106.26 1 1
github.com/manucher051299/wallet/pkg/wallet/service.go:103.38,105.4 1 1
github.com/manucher051299/wallet/pkg/wallet/service.go:113.49,114.35 1 1
github.com/manucher051299/wallet/pkg/wallet/service.go:117.3,117.27 1 1
github.com/manucher051299/wallet/pkg/wallet/service.go:114.35,116.4 1 0
github.com/manucher051299/wallet/pkg/wallet/service.go:117.27,119.23 2 1
github.com/manucher051299/wallet/pkg/wallet/service.go:122.4,123.13 2 1
github.com/manucher051299/wallet/pkg/wallet/service.go:119.23,121.5 1 1
github.com/manucher051299/wallet/pkg/wallet/service.go:129.82,131.16 2 1
github.com/manucher051299/wallet/pkg/wallet/service.go:134.2,135.37 2 1
github.com/manucher051299/wallet/pkg/wallet/service.go:140.2,140.22 1 1
github.com/manucher051299/wallet/pkg/wallet/service.go:131.16,133.3 1 0
github.com/manucher051299/wallet/pkg/wallet/service.go:135.37,136.37 1 1
github.com/manucher051299/wallet/pkg/wallet/service.go:136.37,138.4 1 1
github.com/manucher051299/wallet/pkg/wallet/service.go:143.91,146.24 3 0
github.com/manucher051299/wallet/pkg/wallet/service.go:149.2,149.30 1 0
github.com/manucher051299/wallet/pkg/wallet/service.go:160.2,162.35 3 0
github.com/manucher051299/wallet/pkg/wallet/service.go:198.2,198.12 1 0
github.com/manucher051299/wallet/pkg/wallet/service.go:146.24,148.3 1 0
github.com/manucher051299/wallet/pkg/wallet/service.go:149.30,151.17 2 0
github.com/manucher051299/wallet/pkg/wallet/service.go:151.17,153.4 1 0
github.com/manucher051299/wallet/pkg/wallet/service.go:154.8,156.17 2 0
github.com/manucher051299/wallet/pkg/wallet/service.go:156.17,158.4 1 0
github.com/manucher051299/wallet/pkg/wallet/service.go:162.35,164.31 2 0
github.com/manucher051299/wallet/pkg/wallet/service.go:171.3,172.17 2 0
github.com/manucher051299/wallet/pkg/wallet/service.go:176.3,177.17 2 0
github.com/manucher051299/wallet/pkg/wallet/service.go:181.3,182.17 2 0
github.com/manucher051299/wallet/pkg/wallet/service.go:186.3,187.17 2 0
github.com/manucher051299/wallet/pkg/wallet/service.go:191.3,192.17 2 0
github.com/manucher051299/wallet/pkg/wallet/service.go:196.3,196.6 1 0
github.com/manucher051299/wallet/pkg/wallet/service.go:164.31,167.18 3 0
github.com/manucher051299/wallet/pkg/wallet/service.go:167.18,169.5 1 0
github.com/manucher051299/wallet/pkg/wallet/service.go:172.17,175.4 2 0
github.com/manucher051299/wallet/pkg/wallet/service.go:177.17,180.4 2 0
github.com/manucher051299/wallet/pkg/wallet/service.go:182.17,185.4 2 0
github.com/manucher051299/wallet/pkg/wallet/service.go:187.17,190.4 2 0
github.com/manucher051299/wallet/pkg/wallet/service.go:192.17,195.4 2 0
github.com/manucher051299/wallet/pkg/wallet/service.go:200.44,202.16 2 1
github.com/manucher051299/wallet/pkg/wallet/service.go:206.2,206.23 1 1
github.com/manucher051299/wallet/pkg/wallet/service.go:209.2,210.16 2 1
github.com/manucher051299/wallet/pkg/wallet/service.go:213.2,213.37 1 1
github.com/manucher051299/wallet/pkg/wallet/service.go:230.2,230.23 1 1
github.com/manucher051299/wallet/pkg/wallet/service.go:233.2,234.37 2 1
github.com/manucher051299/wallet/pkg/wallet/service.go:261.2,261.24 1 1
github.com/manucher051299/wallet/pkg/wallet/service.go:264.2,265.39 2 0
github.com/manucher051299/wallet/pkg/wallet/service.go:292.2,292.12 1 0
github.com/manucher051299/wallet/pkg/wallet/service.go:202.16,204.3 1 0
github.com/manucher051299/wallet/pkg/wallet/service.go:206.23,208.3 1 0
github.com/manucher051299/wallet/pkg/wallet/service.go:210.16,212.3 1 0
github.com/manucher051299/wallet/pkg/wallet/service.go:213.37,215.17 2 1
github.com/manucher051299/wallet/pkg/wallet/service.go:219.3,220.17 2 1
github.com/manucher051299/wallet/pkg/wallet/service.go:224.3,225.17 2 1
github.com/manucher051299/wallet/pkg/wallet/service.go:215.17,218.4 2 0
github.com/manucher051299/wallet/pkg/wallet/service.go:220.17,223.4 2 0
github.com/manucher051299/wallet/pkg/wallet/service.go:225.17,228.4 2 0
github.com/manucher051299/wallet/pkg/wallet/service.go:230.23,232.3 1 0
github.com/manucher051299/wallet/pkg/wallet/service.go:234.37,236.17 2 1
github.com/manucher051299/wallet/pkg/wallet/service.go:240.3,241.17 2 1
github.com/manucher051299/wallet/pkg/wallet/service.go:245.3,246.17 2 1
github.com/manucher051299/wallet/pkg/wallet/service.go:250.3,251.17 2 1
github.com/manucher051299/wallet/pkg/wallet/service.go:255.3,256.17 2 1
github.com/manucher051299/wallet/pkg/wallet/service.go:236.17,239.4 2 0
github.com/manucher051299/wallet/pkg/wallet/service.go:241.17,244.4 2 0
github.com/manucher051299/wallet/pkg/wallet/service.go:246.17,249.4 2 0
github.com/manucher051299/wallet/pkg/wallet/service.go:251.17,254.4 2 0
github.com/manucher051299/wallet/pkg/wallet/service.go:256.17,259.4 2 0
github.com/manucher051299/wallet/pkg/wallet/service.go:261.24,263.3 1 1
github.com/manucher051299/wallet/pkg/wallet/service.go:265.39,267.17 2 0
github.com/manucher051299/wallet/pkg/wallet/service.go:271.3,272.17 2 0
github.com/manucher051299/wallet/pkg/wallet/service.go:276.3,277.17 2 0
github.com/manucher051299/wallet/pkg/wallet/service.go:281.3,282.17 2 0
github.com/manucher051299/wallet/pkg/wallet/service.go:286.3,287.17 2 0
github.com/manucher051299/wallet/pkg/wallet/service.go:267.17,270.4 2 0
github.com/manucher051299/wallet/pkg/wallet/service.go:272.17,275.4 2 0
github.com/manucher051299/wallet/pkg/wallet/service.go:277.17,280.4 2 0
github.com/manucher051299/wallet/pkg/wallet/service.go:282.17,285.4 2 0
github.com/manucher051299/wallet/pkg/wallet/service.go:287.17,290.4 2 0
github.com/manucher051299/wallet/pkg/wallet/service.go:294.44,296.16 2 1
github.com/manucher051299/wallet/pkg/wallet/service.go:299.2,300.16 2 1
github.com/manucher051299/wallet/pkg/wallet/service.go:304.2,304.15 1 1
github.com/manucher051299/wallet/pkg/wallet/service.go:309.2,310.6 2 1
github.com/manucher051299/wallet/pkg/wallet/service.go:330.2,331.16 2 1
github.com/manucher051299/wallet/pkg/wallet/service.go:335.2,335.15 1 1
github.com/manucher051299/wallet/pkg/wallet/service.go:340.2,341.6 2 1
github.com/manucher051299/wallet/pkg/wallet/service.go:363.2,364.16 2 1
github.com/manucher051299/wallet/pkg/wallet/service.go:371.2,371.15 1 0
github.com/manucher051299/wallet/pkg/wallet/service.go:376.2,377.6 2 0
github.com/manucher051299/wallet/pkg/wallet/service.go:397.2,397.12 1 0
github.com/manucher051299/wallet/pkg/wallet/service.go:296.16,298.3 1 0
github.com/manucher051299/wallet/pkg/wallet/service.go:300.16,303.3 2 0
github.com/manucher051299/wallet/pkg/wallet/service.go:304.15,305.42 1 1
github.com/manucher051299/wallet/pkg/wallet/service.go:305.42,307.4 1 0
github.com/manucher051299/wallet/pkg/wallet/service.go:310.6,312.20 2 1
github.com/manucher051299/wallet/pkg/wallet/service.go:315.3,315.17 1 1
github.com/manucher051299/wallet/pkg/wallet/service.go:319.3,321.17 3 1
github.com/manucher051299/wallet/pkg/wallet/service.go:324.3,325.17 2 1
github.com/manucher051299/wallet/pkg/wallet/service.go:328.3,328.121 1 1
github.com/manucher051299/wallet/pkg/wallet/service.go:312.20,313.9 1 1
github.com/manucher051299/wallet/pkg/wallet/service.go:315.17,318.4 2 0
github.com/manucher051299/wallet/pkg/wallet/service.go:321.17,323.4 1 0
github.com/manucher051299/wallet/pkg/wallet/service.go:325.17,327.4 1 0
github.com/manucher051299/wallet/pkg/wallet/service.go:331.16,334.3 2 0
github.com/manucher051299/wallet/pkg/wallet/service.go:335.15,336.42 1 1
github.com/manucher051299/wallet/pkg/wallet/service.go:336.42,338.4 1 0
github.com/manucher051299/wallet/pkg/wallet/service.go:341.6,343.20 2 1
github.com/manucher051299/wallet/pkg/wallet/service.go:346.3,347.17 2 1
github.com/manucher051299/wallet/pkg/wallet/service.go:351.3,353.17 3 1
github.com/manucher051299/wallet/pkg/wallet/service.go:356.3,357.17 2 1
github.com/manucher051299/wallet/pkg/wallet/service.go:360.3,360.199 1 1
github.com/manucher051299/wallet/pkg/wallet/service.go:343.20,344.9 1 1
github.com/manucher051299/wallet/pkg/wallet/service.go:347.17,350.4 2 0
github.com/manucher051299/wallet/pkg/wallet/service.go:353.17,355.4 1 0
github.com/manucher051299/wallet/pkg/wallet/service.go:357.17,359.4 1 0
github.com/manucher051299/wallet/pkg/wallet/service.go:364.16,365.25 1 1
github.com/manucher051299/wallet/pkg/wallet/service.go:368.3,369.13 2 0
github.com/manucher051299/wallet/pkg/wallet/service.go:365.25,367.4 1 1
github.com/manucher051299/wallet/pkg/wallet/service.go:371.15,372.42 1 0
github.com/manucher051299/wallet/pkg/wallet/service.go:372.42,374.4 1 0
github.com/manucher051299/wallet/pkg/wallet/service.go:377.6,379.20 2 0
github.com/manucher051299/wallet/pkg/wallet/service.go:382.3,382.17 1 0
github.com/manucher051299/wallet/pkg/wallet/service.go:386.3,388.17 3 0
github.com/manucher051299/wallet/pkg/wallet/service.go:391.3,392.17 2 0
github.com/manucher051299/wallet/pkg/wallet/service.go:395.3,395.182 1 0
github.com/manucher051299/wallet/pkg/wallet/service.go:379.20,380.9 1 0
github.com/manucher051299/wallet/pkg/wallet/service.go:382.17,385.4 2 0
github.com/manucher051299/wallet/pkg/wallet/service.go:388.17,390.4 1 0
github.com/manucher051299/wallet/pkg/wallet/service.go:392.17,394.4 1 0
github.com/manucher051299/wallet/pkg/wallet/service.go:399.51,401.16 2 1
github.com/manucher051299/wallet/pkg/wallet/service.go:404.2,404.33 1 1
github.com/manucher051299/wallet/pkg/wallet/service.go:421.2,422.16 2 1
github.com/manucher051299/wallet/pkg/wallet/service.go:425.2,425.12 1 1
github.com/manucher051299/wallet/pkg/wallet/service.go:401.16,403.3 1 0
github.com/manucher051299/wallet/pkg/wallet/service.go:404.33,406.17 2 1
github.com/manucher051299/wallet/pkg/wallet/service.go:410.3,411.17 2 1
github.com/manucher051299/wallet/pkg/wallet/service.go:415.3,416.17 2 1
github.com/manucher051299/wallet/pkg/wallet/service.go:406.17,409.4 2 0
github.com/manucher051299/wallet/pkg/wallet/service.go:411.17,414.4 2 0
github.com/manucher051299/wallet/pkg/wallet/service.go:416.17,419.4 2 0
github.com/manucher051299/wallet/pkg/wallet/service.go:422.16,424.3 1 0
github.com/manucher051299/wallet/pkg/wallet/service.go:427.53,429.16 2 1
github.com/manucher051299/wallet/pkg/wallet/service.go:432.2,434.6 3 1
github.com/manucher051299/wallet/pkg/wallet/service.go:445.2,446.27 2 1
github.com/manucher051299/wallet/pkg/wallet/service.go:461.2,462.16 2 1
github.com/manucher051299/wallet/pkg/wallet/service.go:465.2,465.12 1 1
github.com/manucher051299/wallet/pkg/wallet/service.go:429.16,431.3 1 0
github.com/manucher051299/wallet/pkg/wallet/service.go:434.6,436.20 2 1
github.com/manucher051299/wallet/pkg/wallet/service.go:440.3,440.17 1 1
github.com/manucher051299/wallet/pkg/wallet/service.go:443.3,443.44 1 1
github.com/manucher051299/wallet/pkg/wallet/service.go:436.20,438.9 2 1
github.com/manucher051299/wallet/pkg/wallet/service.go:440.17,442.4 1 0
github.com/manucher051299/wallet/pkg/wallet/service.go:446.27,447.16 1 1
github.com/manucher051299/wallet/pkg/wallet/service.go:447.16,450.18 3 1
github.com/manucher051299/wallet/pkg/wallet/service.go:453.4,454.18 2 1
github.com/manucher051299/wallet/pkg/wallet/service.go:457.4,458.117 2 1
github.com/manucher051299/wallet/pkg/wallet/service.go:450.18,452.5 1 0
github.com/manucher051299/wallet/pkg/wallet/service.go:454.18,456.5 1 0
github.com/manucher051299/wallet/pkg/wallet/service.go:462.16,464.3 1 0
github.com/manucher051299/wallet/pkg/wallet/service.go:467.78,468.37 1 1
github.com/manucher051299/wallet/pkg/wallet/service.go:473.2,481.21 4 1
github.com/manucher051299/wallet/pkg/wallet/service.go:468.37,469.29 1 0
github.com/manucher051299/wallet/pkg/wallet/service.go:469.29,471.4 1 0
github.com/manucher051299/wallet/pkg/wallet/service.go:484.76,485.37 1 1
github.com/manucher051299/wallet/pkg/wallet/service.go:491.2,491.32 1 0
github.com/manucher051299/wallet/pkg/wallet/service.go:485.37,486.30 1 1
github.com/manucher051299/wallet/pkg/wallet/service.go:486.30,488.4 1 1
github.com/manucher051299/wallet/pkg/wallet/service.go:494.70,495.17 1 1
github.com/manucher051299/wallet/pkg/wallet/service.go:499.2,500.16 2 1
github.com/manucher051299/wallet/pkg/wallet/service.go:505.2,506.12 2 1
github.com/manucher051299/wallet/pkg/wallet/service.go:495.17,497.3 1 0
github.com/manucher051299/wallet/pkg/wallet/service.go:500.16,502.3 1 0
github.com/manucher051299/wallet/pkg/wallet/service.go:509.116,510.17 1 1
github.com/manucher051299/wallet/pkg/wallet/service.go:514.2,515.33 2 1
github.com/manucher051299/wallet/pkg/wallet/service.go:521.2,521.20 1 1
github.com/manucher051299/wallet/pkg/wallet/service.go:525.2,525.30 1 1
github.com/manucher051299/wallet/pkg/wallet/service.go:529.2,539.21 5 1
github.com/manucher051299/wallet/pkg/wallet/service.go:510.17,512.3 1 0
github.com/manucher051299/wallet/pkg/wallet/service.go:515.33,516.26 1 1
github.com/manucher051299/wallet/pkg/wallet/service.go:516.26,518.9 2 1
github.com/manucher051299/wallet/pkg/wallet/service.go:521.20,523.3 1 0
github.com/manucher051299/wallet/pkg/wallet/service.go:525.30,527.3 1 1
github.com/manucher051299/wallet/pkg/wallet/service.go:542.77,543.37 1 1
github.com/manucher051299/wallet/pkg/wallet/service.go:549.2,549.32 1 1
github.com/manucher051299/wallet/pkg/wallet/service.go:543.37,544.30 1 1
github.com/manucher051299/wallet/pkg/wallet/service.go:544.30,546.4 1 1
github.com/manucher051299/wallet/pkg/wallet/service.go:552.50,554.16 2 1
github.com/manucher051299/wallet/pkg/wallet/service.go:557.2,558.16 2 1
github.com/manucher051299/wallet/pkg/wallet/service.go:562.2,564.12 3 1
github.com/manucher051299/wallet/pkg/wallet/service.go:554.16,556.3 1 1
github.com/manucher051299/wallet/pkg/wallet/service.go:558.16,560.3 1 0
github.com/manucher051299/wallet/pkg/wallet/service.go:567.68,569.16 2 1
github.com/manucher051299/wallet/pkg/wallet/service.go:573.2,573.67 1 1
github.com/manucher051299/wallet/pkg/wallet/service.go:569.16,571.3 1 0
github.com/manucher051299/wallet/pkg/wallet/service.go:576.91,578.16 2 1
github.com/manucher051299/wallet/pkg/wallet/service.go:582.2,590.22 3 1
github.com/manucher051299/wallet/pkg/wallet/service.go:578.16,580.3 1 0
github.com/manucher051299/wallet/pkg/wallet/service.go:593.80,594.39 1 1
github.com/manucher051299/wallet/pkg/wallet/service.go:600.2,600.33 1 0
github.com/manucher051299/wallet/pkg/wallet/service.go:594.39,595.32 1 1
github.com/manucher051299/wallet/pkg/wallet/service.go:595.32,597.4 1 1
github.com/manucher051299/wallet/pkg/wallet/service.go:603.78,605.16 2 1
github.com/manucher051299/wallet/pkg/wallet/service.go:608.2,608.21 1 1
github.com/manucher051299/wallet/pkg/wallet/service.go:611.2,611.70 1 1
github.com/manucher051299/wallet/pkg/wallet/service.go:605.16,607.3 1 0
github.com/manucher051299/wallet/pkg/wallet/service.go:608.21,610.3 1 0
