mode: set
github.com/coursar/wallet/pkg/wallet/service.go:33.59,34.21 1 1
github.com/coursar/wallet/pkg/wallet/service.go:41.2,46.49 6 1
github.com/coursar/wallet/pkg/wallet/service.go:61.2,62.25 2 1
github.com/coursar/wallet/pkg/wallet/service.go:34.21,36.38 2 1
github.com/coursar/wallet/pkg/wallet/service.go:39.3,39.26 1 1
github.com/coursar/wallet/pkg/wallet/service.go:36.38,38.4 1 1
github.com/coursar/wallet/pkg/wallet/service.go:46.49,47.35 1 1
github.com/coursar/wallet/pkg/wallet/service.go:50.3,50.27 1 1
github.com/coursar/wallet/pkg/wallet/service.go:47.35,49.4 1 0
github.com/coursar/wallet/pkg/wallet/service.go:50.27,52.23 2 1
github.com/coursar/wallet/pkg/wallet/service.go:55.4,58.13 4 1
github.com/coursar/wallet/pkg/wallet/service.go:52.23,54.5 1 1
github.com/coursar/wallet/pkg/wallet/service.go:64.82,66.16 2 0
github.com/coursar/wallet/pkg/wallet/service.go:69.2,70.37 2 0
github.com/coursar/wallet/pkg/wallet/service.go:75.2,75.22 1 0
github.com/coursar/wallet/pkg/wallet/service.go:66.16,68.3 1 0
github.com/coursar/wallet/pkg/wallet/service.go:70.37,71.37 1 0
github.com/coursar/wallet/pkg/wallet/service.go:71.37,73.4 1 0
github.com/coursar/wallet/pkg/wallet/service.go:78.91,81.24 3 0
github.com/coursar/wallet/pkg/wallet/service.go:84.2,84.30 1 0
github.com/coursar/wallet/pkg/wallet/service.go:95.2,97.35 3 0
github.com/coursar/wallet/pkg/wallet/service.go:133.2,133.12 1 0
github.com/coursar/wallet/pkg/wallet/service.go:81.24,83.3 1 0
github.com/coursar/wallet/pkg/wallet/service.go:84.30,86.17 2 0
github.com/coursar/wallet/pkg/wallet/service.go:86.17,88.4 1 0
github.com/coursar/wallet/pkg/wallet/service.go:89.8,91.17 2 0
github.com/coursar/wallet/pkg/wallet/service.go:91.17,93.4 1 0
github.com/coursar/wallet/pkg/wallet/service.go:97.35,99.31 2 0
github.com/coursar/wallet/pkg/wallet/service.go:106.3,107.17 2 0
github.com/coursar/wallet/pkg/wallet/service.go:111.3,112.17 2 0
github.com/coursar/wallet/pkg/wallet/service.go:116.3,117.17 2 0
github.com/coursar/wallet/pkg/wallet/service.go:121.3,122.17 2 0
github.com/coursar/wallet/pkg/wallet/service.go:126.3,127.17 2 0
github.com/coursar/wallet/pkg/wallet/service.go:131.3,131.6 1 0
github.com/coursar/wallet/pkg/wallet/service.go:99.31,102.18 3 0
github.com/coursar/wallet/pkg/wallet/service.go:102.18,104.5 1 0
github.com/coursar/wallet/pkg/wallet/service.go:107.17,110.4 2 0
github.com/coursar/wallet/pkg/wallet/service.go:112.17,115.4 2 0
github.com/coursar/wallet/pkg/wallet/service.go:117.17,120.4 2 0
github.com/coursar/wallet/pkg/wallet/service.go:122.17,125.4 2 0
github.com/coursar/wallet/pkg/wallet/service.go:127.17,130.4 2 0
github.com/coursar/wallet/pkg/wallet/service.go:135.44,137.16 2 1
github.com/coursar/wallet/pkg/wallet/service.go:141.2,141.23 1 1
github.com/coursar/wallet/pkg/wallet/service.go:144.2,145.16 2 1
github.com/coursar/wallet/pkg/wallet/service.go:148.2,148.37 1 1
github.com/coursar/wallet/pkg/wallet/service.go:165.2,165.23 1 1
github.com/coursar/wallet/pkg/wallet/service.go:168.2,169.37 2 1
github.com/coursar/wallet/pkg/wallet/service.go:196.2,196.24 1 1
github.com/coursar/wallet/pkg/wallet/service.go:199.2,200.39 2 0
github.com/coursar/wallet/pkg/wallet/service.go:227.2,227.12 1 0
github.com/coursar/wallet/pkg/wallet/service.go:137.16,139.3 1 0
github.com/coursar/wallet/pkg/wallet/service.go:141.23,143.3 1 0
github.com/coursar/wallet/pkg/wallet/service.go:145.16,147.3 1 0
github.com/coursar/wallet/pkg/wallet/service.go:148.37,150.17 2 1
github.com/coursar/wallet/pkg/wallet/service.go:154.3,155.17 2 1
github.com/coursar/wallet/pkg/wallet/service.go:159.3,160.17 2 1
github.com/coursar/wallet/pkg/wallet/service.go:150.17,153.4 2 0
github.com/coursar/wallet/pkg/wallet/service.go:155.17,158.4 2 0
github.com/coursar/wallet/pkg/wallet/service.go:160.17,163.4 2 0
github.com/coursar/wallet/pkg/wallet/service.go:165.23,167.3 1 0
github.com/coursar/wallet/pkg/wallet/service.go:169.37,171.17 2 1
github.com/coursar/wallet/pkg/wallet/service.go:175.3,176.17 2 1
github.com/coursar/wallet/pkg/wallet/service.go:180.3,181.17 2 1
github.com/coursar/wallet/pkg/wallet/service.go:185.3,186.17 2 1
github.com/coursar/wallet/pkg/wallet/service.go:190.3,191.17 2 1
github.com/coursar/wallet/pkg/wallet/service.go:171.17,174.4 2 0
github.com/coursar/wallet/pkg/wallet/service.go:176.17,179.4 2 0
github.com/coursar/wallet/pkg/wallet/service.go:181.17,184.4 2 0
github.com/coursar/wallet/pkg/wallet/service.go:186.17,189.4 2 0
github.com/coursar/wallet/pkg/wallet/service.go:191.17,194.4 2 0
github.com/coursar/wallet/pkg/wallet/service.go:196.24,198.3 1 1
github.com/coursar/wallet/pkg/wallet/service.go:200.39,202.17 2 0
github.com/coursar/wallet/pkg/wallet/service.go:206.3,207.17 2 0
github.com/coursar/wallet/pkg/wallet/service.go:211.3,212.17 2 0
github.com/coursar/wallet/pkg/wallet/service.go:216.3,217.17 2 0
github.com/coursar/wallet/pkg/wallet/service.go:221.3,222.17 2 0
github.com/coursar/wallet/pkg/wallet/service.go:202.17,205.4 2 0
github.com/coursar/wallet/pkg/wallet/service.go:207.17,210.4 2 0
github.com/coursar/wallet/pkg/wallet/service.go:212.17,215.4 2 0
github.com/coursar/wallet/pkg/wallet/service.go:217.17,220.4 2 0
github.com/coursar/wallet/pkg/wallet/service.go:222.17,225.4 2 0
github.com/coursar/wallet/pkg/wallet/service.go:229.44,231.16 2 1
github.com/coursar/wallet/pkg/wallet/service.go:234.2,235.16 2 1
github.com/coursar/wallet/pkg/wallet/service.go:239.2,239.15 1 1
github.com/coursar/wallet/pkg/wallet/service.go:244.2,245.6 2 1
github.com/coursar/wallet/pkg/wallet/service.go:265.2,266.16 2 1
github.com/coursar/wallet/pkg/wallet/service.go:270.2,270.15 1 1
github.com/coursar/wallet/pkg/wallet/service.go:275.2,276.6 2 1
github.com/coursar/wallet/pkg/wallet/service.go:298.2,299.16 2 1
github.com/coursar/wallet/pkg/wallet/service.go:306.2,306.15 1 0
github.com/coursar/wallet/pkg/wallet/service.go:311.2,312.6 2 0
github.com/coursar/wallet/pkg/wallet/service.go:332.2,332.12 1 0
github.com/coursar/wallet/pkg/wallet/service.go:231.16,233.3 1 0
github.com/coursar/wallet/pkg/wallet/service.go:235.16,238.3 2 0
github.com/coursar/wallet/pkg/wallet/service.go:239.15,240.42 1 1
github.com/coursar/wallet/pkg/wallet/service.go:240.42,242.4 1 0
github.com/coursar/wallet/pkg/wallet/service.go:245.6,247.20 2 1
github.com/coursar/wallet/pkg/wallet/service.go:250.3,250.17 1 1
github.com/coursar/wallet/pkg/wallet/service.go:254.3,256.17 3 1
github.com/coursar/wallet/pkg/wallet/service.go:259.3,260.17 2 1
github.com/coursar/wallet/pkg/wallet/service.go:263.3,263.121 1 1
github.com/coursar/wallet/pkg/wallet/service.go:247.20,248.9 1 1
github.com/coursar/wallet/pkg/wallet/service.go:250.17,253.4 2 0
github.com/coursar/wallet/pkg/wallet/service.go:256.17,258.4 1 0
github.com/coursar/wallet/pkg/wallet/service.go:260.17,262.4 1 0
github.com/coursar/wallet/pkg/wallet/service.go:266.16,269.3 2 0
github.com/coursar/wallet/pkg/wallet/service.go:270.15,271.42 1 1
github.com/coursar/wallet/pkg/wallet/service.go:271.42,273.4 1 0
github.com/coursar/wallet/pkg/wallet/service.go:276.6,278.20 2 1
github.com/coursar/wallet/pkg/wallet/service.go:281.3,282.17 2 1
github.com/coursar/wallet/pkg/wallet/service.go:286.3,288.17 3 1
github.com/coursar/wallet/pkg/wallet/service.go:291.3,292.17 2 1
github.com/coursar/wallet/pkg/wallet/service.go:295.3,295.199 1 1
github.com/coursar/wallet/pkg/wallet/service.go:278.20,279.9 1 1
github.com/coursar/wallet/pkg/wallet/service.go:282.17,285.4 2 0
github.com/coursar/wallet/pkg/wallet/service.go:288.17,290.4 1 0
github.com/coursar/wallet/pkg/wallet/service.go:292.17,294.4 1 0
github.com/coursar/wallet/pkg/wallet/service.go:299.16,300.25 1 1
github.com/coursar/wallet/pkg/wallet/service.go:303.3,304.13 2 0
github.com/coursar/wallet/pkg/wallet/service.go:300.25,302.4 1 1
github.com/coursar/wallet/pkg/wallet/service.go:306.15,307.42 1 0
github.com/coursar/wallet/pkg/wallet/service.go:307.42,309.4 1 0
github.com/coursar/wallet/pkg/wallet/service.go:312.6,314.20 2 0
github.com/coursar/wallet/pkg/wallet/service.go:317.3,317.17 1 0
github.com/coursar/wallet/pkg/wallet/service.go:321.3,323.17 3 0
github.com/coursar/wallet/pkg/wallet/service.go:326.3,327.17 2 0
github.com/coursar/wallet/pkg/wallet/service.go:330.3,330.182 1 0
github.com/coursar/wallet/pkg/wallet/service.go:314.20,315.9 1 0
github.com/coursar/wallet/pkg/wallet/service.go:317.17,320.4 2 0
github.com/coursar/wallet/pkg/wallet/service.go:323.17,325.4 1 0
github.com/coursar/wallet/pkg/wallet/service.go:327.17,329.4 1 0
github.com/coursar/wallet/pkg/wallet/service.go:334.51,336.16 2 1
github.com/coursar/wallet/pkg/wallet/service.go:339.2,339.33 1 1
github.com/coursar/wallet/pkg/wallet/service.go:356.2,357.16 2 1
github.com/coursar/wallet/pkg/wallet/service.go:360.2,360.12 1 1
github.com/coursar/wallet/pkg/wallet/service.go:336.16,338.3 1 0
github.com/coursar/wallet/pkg/wallet/service.go:339.33,341.17 2 1
github.com/coursar/wallet/pkg/wallet/service.go:345.3,346.17 2 1
github.com/coursar/wallet/pkg/wallet/service.go:350.3,351.17 2 1
github.com/coursar/wallet/pkg/wallet/service.go:341.17,344.4 2 0
github.com/coursar/wallet/pkg/wallet/service.go:346.17,349.4 2 0
github.com/coursar/wallet/pkg/wallet/service.go:351.17,354.4 2 0
github.com/coursar/wallet/pkg/wallet/service.go:357.16,359.3 1 0
github.com/coursar/wallet/pkg/wallet/service.go:362.53,364.16 2 1
github.com/coursar/wallet/pkg/wallet/service.go:367.2,369.6 3 1
github.com/coursar/wallet/pkg/wallet/service.go:380.2,381.27 2 1
github.com/coursar/wallet/pkg/wallet/service.go:396.2,397.16 2 1
github.com/coursar/wallet/pkg/wallet/service.go:400.2,400.12 1 1
github.com/coursar/wallet/pkg/wallet/service.go:364.16,366.3 1 0
github.com/coursar/wallet/pkg/wallet/service.go:369.6,371.20 2 1
github.com/coursar/wallet/pkg/wallet/service.go:375.3,375.17 1 1
github.com/coursar/wallet/pkg/wallet/service.go:378.3,378.44 1 1
github.com/coursar/wallet/pkg/wallet/service.go:371.20,373.9 2 1
github.com/coursar/wallet/pkg/wallet/service.go:375.17,377.4 1 0
github.com/coursar/wallet/pkg/wallet/service.go:381.27,382.16 1 1
github.com/coursar/wallet/pkg/wallet/service.go:382.16,385.18 3 1
github.com/coursar/wallet/pkg/wallet/service.go:388.4,389.18 2 1
github.com/coursar/wallet/pkg/wallet/service.go:392.4,393.117 2 1
github.com/coursar/wallet/pkg/wallet/service.go:385.18,387.5 1 0
github.com/coursar/wallet/pkg/wallet/service.go:389.18,391.5 1 0
github.com/coursar/wallet/pkg/wallet/service.go:397.16,399.3 1 0
github.com/coursar/wallet/pkg/wallet/service.go:402.78,403.37 1 1
github.com/coursar/wallet/pkg/wallet/service.go:408.2,416.21 4 1
github.com/coursar/wallet/pkg/wallet/service.go:403.37,404.29 1 0
github.com/coursar/wallet/pkg/wallet/service.go:404.29,406.4 1 0
github.com/coursar/wallet/pkg/wallet/service.go:419.76,420.37 1 1
github.com/coursar/wallet/pkg/wallet/service.go:426.2,426.32 1 0
github.com/coursar/wallet/pkg/wallet/service.go:420.37,421.30 1 1
github.com/coursar/wallet/pkg/wallet/service.go:421.30,423.4 1 1
github.com/coursar/wallet/pkg/wallet/service.go:429.70,430.17 1 1
github.com/coursar/wallet/pkg/wallet/service.go:434.2,435.16 2 1
github.com/coursar/wallet/pkg/wallet/service.go:440.2,441.12 2 1
github.com/coursar/wallet/pkg/wallet/service.go:430.17,432.3 1 0
github.com/coursar/wallet/pkg/wallet/service.go:435.16,437.3 1 0
github.com/coursar/wallet/pkg/wallet/service.go:444.116,445.17 1 1
github.com/coursar/wallet/pkg/wallet/service.go:449.2,450.33 2 1
github.com/coursar/wallet/pkg/wallet/service.go:456.2,456.20 1 1
github.com/coursar/wallet/pkg/wallet/service.go:460.2,460.30 1 1
github.com/coursar/wallet/pkg/wallet/service.go:464.2,474.21 5 1
github.com/coursar/wallet/pkg/wallet/service.go:445.17,447.3 1 0
github.com/coursar/wallet/pkg/wallet/service.go:450.33,451.26 1 1
github.com/coursar/wallet/pkg/wallet/service.go:451.26,453.9 2 1
github.com/coursar/wallet/pkg/wallet/service.go:456.20,458.3 1 0
github.com/coursar/wallet/pkg/wallet/service.go:460.30,462.3 1 1
github.com/coursar/wallet/pkg/wallet/service.go:477.77,478.37 1 1
github.com/coursar/wallet/pkg/wallet/service.go:484.2,484.32 1 1
github.com/coursar/wallet/pkg/wallet/service.go:478.37,479.30 1 1
github.com/coursar/wallet/pkg/wallet/service.go:479.30,481.4 1 1
github.com/coursar/wallet/pkg/wallet/service.go:487.50,489.16 2 1
github.com/coursar/wallet/pkg/wallet/service.go:492.2,493.16 2 1
github.com/coursar/wallet/pkg/wallet/service.go:497.2,499.12 3 1
github.com/coursar/wallet/pkg/wallet/service.go:489.16,491.3 1 1
github.com/coursar/wallet/pkg/wallet/service.go:493.16,495.3 1 0
github.com/coursar/wallet/pkg/wallet/service.go:502.68,504.16 2 1
github.com/coursar/wallet/pkg/wallet/service.go:508.2,508.67 1 1
github.com/coursar/wallet/pkg/wallet/service.go:504.16,506.3 1 0
github.com/coursar/wallet/pkg/wallet/service.go:511.91,513.16 2 1
github.com/coursar/wallet/pkg/wallet/service.go:517.2,525.22 3 1
github.com/coursar/wallet/pkg/wallet/service.go:513.16,515.3 1 0
github.com/coursar/wallet/pkg/wallet/service.go:528.80,529.39 1 1
github.com/coursar/wallet/pkg/wallet/service.go:535.2,535.33 1 0
github.com/coursar/wallet/pkg/wallet/service.go:529.39,530.32 1 1
github.com/coursar/wallet/pkg/wallet/service.go:530.32,532.4 1 1
github.com/coursar/wallet/pkg/wallet/service.go:538.78,540.16 2 1
github.com/coursar/wallet/pkg/wallet/service.go:543.2,543.21 1 1
github.com/coursar/wallet/pkg/wallet/service.go:546.2,546.70 1 1
github.com/coursar/wallet/pkg/wallet/service.go:540.16,542.3 1 0
github.com/coursar/wallet/pkg/wallet/service.go:543.21,545.3 1 0
